Determining if the pthread_create exist failed with the following output:
Change Dir: /home/juan/rover_workspace/build/CMakeFiles/CMakeTmp

Run Build Command:/usr/bin/make "cmTryCompileExec2869172224/fast"
/usr/bin/make -f CMakeFiles/cmTryCompileExec2869172224.dir/build.make CMakeFiles/cmTryCompileExec2869172224.dir/build
make[1]: Entering directory `/home/juan/rover_workspace/build/CMakeFiles/CMakeTmp'
/usr/bin/cmake -E cmake_progress_report /home/juan/rover_workspace/build/CMakeFiles/CMakeTmp/CMakeFiles 1
Building C object CMakeFiles/cmTryCompileExec2869172224.dir/CheckSymbolExists.c.o
/usr/bin/cc    -o CMakeFiles/cmTryCompileExec2869172224.dir/CheckSymbolExists.c.o   -c /home/juan/rover_workspace/build/CMakeFiles/CMakeTmp/CheckSymbolExists.c
Linking C executable cmTryCompileExec2869172224
/usr/bin/cmake -E cmake_link_script CMakeFiles/cmTryCompileExec2869172224.dir/link.txt --verbose=1
/usr/bin/cc       CMakeFiles/cmTryCompileExec2869172224.dir/CheckSymbolExists.c.o  -o cmTryCompileExec2869172224 -rdynamic 
CMakeFiles/cmTryCompileExec2869172224.dir/CheckSymbolExists.c.o: In function `main':
CheckSymbolExists.c:(.text+0x16): undefined reference to `pthread_create'
collect2: error: ld returned 1 exit status
make[1]: *** [cmTryCompileExec2869172224] Error 1
make[1]: Leaving directory `/home/juan/rover_workspace/build/CMakeFiles/CMakeTmp'
make: *** [cmTryCompileExec2869172224/fast] Error 2

File /home/juan/rover_workspace/build/CMakeFiles/CMakeTmp/CheckSymbolExists.c:
/* */
#include <pthread.h>

int main(int argc, char** argv)
{
  (void)argv;
#ifndef pthread_create
  return ((int*)(&pthread_create))[argc];
#else
  (void)argc;
  return 0;
#endif
}

Determining if the function pthread_create exists in the pthreads failed with the following output:
Change Dir: /home/juan/rover_workspace/build/CMakeFiles/CMakeTmp

Run Build Command:/usr/bin/make "cmTryCompileExec3280017206/fast"
/usr/bin/make -f CMakeFiles/cmTryCompileExec3280017206.dir/build.make CMakeFiles/cmTryCompileExec3280017206.dir/build
make[1]: Entering directory `/home/juan/rover_workspace/build/CMakeFiles/CMakeTmp'
/usr/bin/cmake -E cmake_progress_report /home/juan/rover_workspace/build/CMakeFiles/CMakeTmp/CMakeFiles 1
Building C object CMakeFiles/cmTryCompileExec3280017206.dir/CheckFunctionExists.c.o
/usr/bin/cc   -DCHECK_FUNCTION_EXISTS=pthread_create   -o CMakeFiles/cmTryCompileExec3280017206.dir/CheckFunctionExists.c.o   -c /usr/share/cmake-2.8/Modules/CheckFunctionExists.c
Linking C executable cmTryCompileExec3280017206
/usr/bin/cmake -E cmake_link_script CMakeFiles/cmTryCompileExec3280017206.dir/link.txt --verbose=1
/usr/bin/cc   -DCHECK_FUNCTION_EXISTS=pthread_create    CMakeFiles/cmTryCompileExec3280017206.dir/CheckFunctionExists.c.o  -o cmTryCompileExec3280017206 -rdynamic -lpthreads 
/usr/bin/ld: cannot find -lpthreads
collect2: error: ld returned 1 exit status
make[1]: Leaving directory `/home/juan/rover_workspace/build/CMakeFiles/CMakeTmp'
make[1]: *** [cmTryCompileExec3280017206] Error 1
make: *** [cmTryCompileExec3280017206/fast] Error 2


Determining if the Q_WS_WIN exist failed with the following output:
Change Dir: /home/juan/rover_workspace/build/CMakeFiles/CMakeTmp

Run Build Command:/usr/bin/make "cmTryCompileExec3492546010/fast"
/usr/bin/make -f CMakeFiles/cmTryCompileExec3492546010.dir/build.make CMakeFiles/cmTryCompileExec3492546010.dir/build
make[1]: Entering directory `/home/juan/rover_workspace/build/CMakeFiles/CMakeTmp'
/usr/bin/cmake -E cmake_progress_report /home/juan/rover_workspace/build/CMakeFiles/CMakeTmp/CMakeFiles 1
Building CXX object CMakeFiles/cmTryCompileExec3492546010.dir/CheckSymbolExists.cxx.o
/usr/bin/c++    -std=c++0x   -I/usr/include/qt4    -o CMakeFiles/cmTryCompileExec3492546010.dir/CheckSymbolExists.cxx.o -c /home/juan/rover_workspace/build/CMakeFiles/CMakeTmp/CheckSymbolExists.cxx
/home/juan/rover_workspace/build/CMakeFiles/CMakeTmp/CheckSymbolExists.cxx: In function ‘int main(int, char**)’:
/home/juan/rover_workspace/build/CMakeFiles/CMakeTmp/CheckSymbolExists.cxx:8:19: error: ‘Q_WS_WIN’ was not declared in this scope
   return ((int*)(&Q_WS_WIN))[argc];
                   ^
make[1]: *** [CMakeFiles/cmTryCompileExec3492546010.dir/CheckSymbolExists.cxx.o] Error 1
make[1]: Leaving directory `/home/juan/rover_workspace/build/CMakeFiles/CMakeTmp'
make: *** [cmTryCompileExec3492546010/fast] Error 2

File /home/juan/rover_workspace/build/CMakeFiles/CMakeTmp/CheckSymbolExists.cxx:
/* */
#include <QtCore/qglobal.h>

int main(int argc, char** argv)
{
  (void)argv;
#ifndef Q_WS_WIN
  return ((int*)(&Q_WS_WIN))[argc];
#else
  (void)argc;
  return 0;
#endif
}

Determining if the Q_WS_QWS exist failed with the following output:
Change Dir: /home/juan/rover_workspace/build/CMakeFiles/CMakeTmp

Run Build Command:/usr/bin/make "cmTryCompileExec28641755/fast"
/usr/bin/make -f CMakeFiles/cmTryCompileExec28641755.dir/build.make CMakeFiles/cmTryCompileExec28641755.dir/build
make[1]: Entering directory `/home/juan/rover_workspace/build/CMakeFiles/CMakeTmp'
/usr/bin/cmake -E cmake_progress_report /home/juan/rover_workspace/build/CMakeFiles/CMakeTmp/CMakeFiles 1
Building CXX object CMakeFiles/cmTryCompileExec28641755.dir/CheckSymbolExists.cxx.o
/usr/bin/c++    -std=c++0x   -I/usr/include/qt4    -o CMakeFiles/cmTryCompileExec28641755.dir/CheckSymbolExists.cxx.o -c /home/juan/rover_workspace/build/CMakeFiles/CMakeTmp/CheckSymbolExists.cxx
/home/juan/rover_workspace/build/CMakeFiles/CMakeTmp/CheckSymbolExists.cxx: In function ‘int main(int, char**)’:
/home/juan/rover_workspace/build/CMakeFiles/CMakeTmp/CheckSymbolExists.cxx:8:19: error: ‘Q_WS_QWS’ was not declared in this scope
   return ((int*)(&Q_WS_QWS))[argc];
                   ^
make[1]: *** [CMakeFiles/cmTryCompileExec28641755.dir/CheckSymbolExists.cxx.o] Error 1
make[1]: Leaving directory `/home/juan/rover_workspace/build/CMakeFiles/CMakeTmp'
make: *** [cmTryCompileExec28641755/fast] Error 2

File /home/juan/rover_workspace/build/CMakeFiles/CMakeTmp/CheckSymbolExists.cxx:
/* */
#include <QtCore/qglobal.h>

int main(int argc, char** argv)
{
  (void)argv;
#ifndef Q_WS_QWS
  return ((int*)(&Q_WS_QWS))[argc];
#else
  (void)argc;
  return 0;
#endif
}

Determining if the Q_WS_MAC exist failed with the following output:
Change Dir: /home/juan/rover_workspace/build/CMakeFiles/CMakeTmp

Run Build Command:/usr/bin/make "cmTryCompileExec1092169669/fast"
/usr/bin/make -f CMakeFiles/cmTryCompileExec1092169669.dir/build.make CMakeFiles/cmTryCompileExec1092169669.dir/build
make[1]: Entering directory `/home/juan/rover_workspace/build/CMakeFiles/CMakeTmp'
/usr/bin/cmake -E cmake_progress_report /home/juan/rover_workspace/build/CMakeFiles/CMakeTmp/CMakeFiles 1
Building CXX object CMakeFiles/cmTryCompileExec1092169669.dir/CheckSymbolExists.cxx.o
/usr/bin/c++    -std=c++0x   -I/usr/include/qt4    -o CMakeFiles/cmTryCompileExec1092169669.dir/CheckSymbolExists.cxx.o -c /home/juan/rover_workspace/build/CMakeFiles/CMakeTmp/CheckSymbolExists.cxx
/home/juan/rover_workspace/build/CMakeFiles/CMakeTmp/CheckSymbolExists.cxx: In function ‘int main(int, char**)’:
/home/juan/rover_workspace/build/CMakeFiles/CMakeTmp/CheckSymbolExists.cxx:8:19: error: ‘Q_WS_MAC’ was not declared in this scope
   return ((int*)(&Q_WS_MAC))[argc];
                   ^
make[1]: Leaving directory `/home/juan/rover_workspace/build/CMakeFiles/CMakeTmp'
make[1]: *** [CMakeFiles/cmTryCompileExec1092169669.dir/CheckSymbolExists.cxx.o] Error 1
make: *** [cmTryCompileExec1092169669/fast] Error 2

File /home/juan/rover_workspace/build/CMakeFiles/CMakeTmp/CheckSymbolExists.cxx:
/* */
#include <QtCore/qglobal.h>

int main(int argc, char** argv)
{
  (void)argv;
#ifndef Q_WS_MAC
  return ((int*)(&Q_WS_MAC))[argc];
#else
  (void)argc;
  return 0;
#endif
}

